# JRE version: 7.0_25-b15
# Java VM: Java HotSpot(TM) 64-Bit Server VM (23.25-b01 mixed mode bsd-amd64 compressed oops)
Heap
 def new generation   total 1228800K, used 172992K [0x0000000606e00000, 0x000000065a350000, 0x00000006ad8a0000)
  eden space 1092288K,  10% used [0x0000000606e00000, 0x000000060e1154f0, 0x00000006498b0000)
  from space 136512K,  40% used [0x0000000651e00000, 0x00000006553dac28, 0x000000065a350000)
  to   space 136512K,   0% used [0x00000006498b0000, 0x00000006498b0000, 0x0000000651e00000)
 tenured generation   total 2730688K, used 0K [0x00000006ad8a0000, 0x0000000754350000, 0x00000007fae00000)
   the space 2730688K,   0% used [0x00000006ad8a0000, 0x00000006ad8a0000, 0x00000006ad8a0200, 0x0000000754350000)
 compacting perm gen  total 21248K, used 17918K [0x00000007fae00000, 0x00000007fc2c0000, 0x0000000800000000)
   the space 21248K,  84% used [0x00000007fae00000, 0x00000007fbf7f8a8, 0x00000007fbf7fa00, 0x00000007fc2c0000)
GC Heap History (6 events):
Event: 7.402 GC heap before
{Heap before GC invocations=0 (full 0):
 def new generation   total 1228800K, used 1092288K [0x0000000606e00000, 0x000000065a350000, 0x00000006ad8a0000)
  eden space 1092288K, 100% used [0x0000000606e00000, 0x00000006498b0000, 0x00000006498b0000)
  from space 136512K,   0% used [0x00000006498b0000, 0x00000006498b0000, 0x0000000651e00000)
  to   space 136512K,   0% used [0x0000000651e00000, 0x0000000651e00000, 0x000000065a350000)
 tenured generation   total 2730688K, used 0K [0x00000006ad8a0000, 0x0000000754350000, 0x00000007fae00000)
   the space 2730688K,   0% used [0x00000006ad8a0000, 0x00000006ad8a0000, 0x00000006ad8a0200, 0x0000000754350000)
 compacting perm gen  total 21248K, used 17757K [0x00000007fae00000, 0x00000007fc2c0000, 0x0000000800000000)
   the space 21248K,  83% used [0x00000007fae00000, 0x00000007fbf576b8, 0x00000007fbf57800, 0x00000007fc2c0000)
No shared spaces configured.
Event: 7.455 GC heap after
Heap after GC invocations=1 (full 0):
 def new generation   total 1228800K, used 55786K [0x0000000606e00000, 0x000000065a350000, 0x00000006ad8a0000)
  eden space 1092288K,   0% used [0x0000000606e00000, 0x0000000606e00000, 0x00000006498b0000)
  from space 136512K,  40% used [0x0000000651e00000, 0x000000065547aac0, 0x000000065a350000)
  to   space 136512K,   0% used [0x00000006498b0000, 0x00000006498b0000, 0x0000000651e00000)
 tenured generation   total 2730688K, used 0K [0x00000006ad8a0000, 0x0000000754350000, 0x00000007fae00000)
   the space 2730688K,   0% used [0x00000006ad8a0000, 0x00000006ad8a0000, 0x00000006ad8a0200, 0x0000000754350000)
 compacting perm gen  total 21248K, used 17757K [0x00000007fae00000, 0x00000007fc2c0000, 0x0000000800000000)
   the space 21248K,  83% used [0x00000007fae00000, 0x00000007fbf576b8, 0x00000007fbf57800, 0x00000007fc2c0000)
No shared spaces configured.
}
Event: 9.978 GC heap before
{Heap before GC invocations=1 (full 0):
 def new generation   total 1228800K, used 1148074K [0x0000000606e00000, 0x000000065a350000, 0x00000006ad8a0000)
  eden space 1092288K, 100% used [0x0000000606e00000, 0x00000006498b0000, 0x00000006498b0000)
  from space 136512K,  40% used [0x0000000651e00000, 0x000000065547aac0, 0x000000065a350000)
  to   space 136512K,   0% used [0x00000006498b0000, 0x00000006498b0000, 0x0000000651e00000)
 tenured generation   total 2730688K, used 0K [0x00000006ad8a0000, 0x0000000754350000, 0x00000007fae00000)
   the space 2730688K,   0% used [0x00000006ad8a0000, 0x00000006ad8a0000, 0x00000006ad8a0200, 0x0000000754350000)
 compacting perm gen  total 21248K, used 17789K [0x00000007fae00000, 0x00000007fc2c0000, 0x0000000800000000)
   the space 21248K,  83% used [0x00000007fae00000, 0x00000007fbf5f768, 0x00000007fbf5f800, 0x00000007fc2c0000)
No shared spaces configured.
Event: 10.023 GC heap after
Heap after GC invocations=2 (full 0):
 def new generation   total 1228800K, used 55143K [0x0000000606e00000, 0x000000065a350000, 0x00000006ad8a0000)
  eden space 1092288K,   0% used [0x0000000606e00000, 0x0000000606e00000, 0x00000006498b0000)
  from space 136512K,  40% used [0x00000006498b0000, 0x000000064ce89d30, 0x0000000651e00000)
  to   space 136512K,   0% used [0x0000000651e00000, 0x0000000651e00000, 0x000000065a350000)
 tenured generation   total 2730688K, used 0K [0x00000006ad8a0000, 0x0000000754350000, 0x00000007fae00000)
   the space 2730688K,   0% used [0x00000006ad8a0000, 0x00000006ad8a0000, 0x00000006ad8a0200, 0x0000000754350000)
 compacting perm gen  total 21248K, used 17789K [0x00000007fae00000, 0x00000007fc2c0000, 0x0000000800000000)
   the space 21248K,  83% used [0x00000007fae00000, 0x00000007fbf5f768, 0x00000007fbf5f800, 0x00000007fc2c0000)
No shared spaces configured.
}
Event: 12.505 GC heap before
{Heap before GC invocations=2 (full 0):
 def new generation   total 1228800K, used 1147431K [0x0000000606e00000, 0x000000065a350000, 0x00000006ad8a0000)
  eden space 1092288K, 100% used [0x0000000606e00000, 0x00000006498b0000, 0x00000006498b0000)
  from space 136512K,  40% used [0x00000006498b0000, 0x000000064ce89d30, 0x0000000651e00000)
  to   space 136512K,   0% used [0x0000000651e00000, 0x0000000651e00000, 0x000000065a350000)
 tenured generation   total 2730688K, used 0K [0x00000006ad8a0000, 0x0000000754350000, 0x00000007fae00000)
   the space 2730688K,   0% used [0x00000006ad8a0000, 0x00000006ad8a0000, 0x00000006ad8a0200, 0x0000000754350000)
 compacting perm gen  total 21248K, used 17812K [0x00000007fae00000, 0x00000007fc2c0000, 0x0000000800000000)
   the space 21248K,  83% used [0x00000007fae00000, 0x00000007fbf65128, 0x00000007fbf65200, 0x00000007fc2c0000)
No shared spaces configured.
Event: 12.529 GC heap after
Heap after GC invocations=3 (full 0):
 def new generation   total 1228800K, used 55147K [0x0000000606e00000, 0x000000065a350000, 0x00000006ad8a0000)
  eden space 1092288K,   0% used [0x0000000606e00000, 0x0000000606e00000, 0x00000006498b0000)
  from space 136512K,  40% used [0x0000000651e00000, 0x00000006553dac28, 0x000000065a350000)
  to   space 136512K,   0% used [0x00000006498b0000, 0x00000006498b0000, 0x0000000651e00000)
 tenured generation   total 2730688K, used 0K [0x00000006ad8a0000, 0x0000000754350000, 0x00000007fae00000)
   the space 2730688K,   0% used [0x00000006ad8a0000, 0x00000006ad8a0000, 0x00000006ad8a0200, 0x0000000754350000)
 compacting perm gen  total 21248K, used 17812K [0x00000007fae00000, 0x00000007fc2c0000, 0x0000000800000000)
   the space 21248K,  83% used [0x00000007fae00000, 0x00000007fbf65128, 0x00000007fbf65200, 0x00000007fc2c0000)
No shared spaces configured.
}

