# JRE version: 7.0_25-b15
# Java VM: Java HotSpot(TM) 64-Bit Server VM (23.25-b01 mixed mode bsd-amd64 compressed oops)
Heap
 def new generation   total 8512K, used 5192K [0x00000007f3000000, 0x00000007f3930000, 0x00000007f5a00000)
  eden space 7616K,  64% used [0x00000007f3000000, 0x00000007f34d22d8, 0x00000007f3770000)
  from space 896K,  28% used [0x00000007f3850000, 0x00000007f388ff40, 0x00000007f3930000)
  to   space 896K,   0% used [0x00000007f3770000, 0x00000007f3770000, 0x00000007f3850000)
 tenured generation   total 18760K, used 8315K [0x00000007f5a00000, 0x00000007f6c52000, 0x00000007fae00000)
   the space 18760K,  44% used [0x00000007f5a00000, 0x00000007f621ecc8, 0x00000007f621ee00, 0x00000007f6c52000)
 compacting perm gen  total 21248K, used 17879K [0x00000007fae00000, 0x00000007fc2c0000, 0x0000000800000000)
   the space 21248K,  84% used [0x00000007fae00000, 0x00000007fbf75f70, 0x00000007fbf76000, 0x00000007fc2c0000)
GC Heap History (10 events):
Event: 13.459 GC heap before
{Heap before GC invocations=129 (full 8):
 def new generation   total 8512K, used 7680K [0x00000007f3000000, 0x00000007f3930000, 0x00000007f5a00000)
  eden space 7616K, 100% used [0x00000007f3000000, 0x00000007f3770000, 0x00000007f3770000)
  from space 896K,   7% used [0x00000007f3770000, 0x00000007f3780070, 0x00000007f3850000)
  to   space 896K,   0% used [0x00000007f3850000, 0x00000007f3850000, 0x00000007f3930000)
 tenured generation   total 18760K, used 17876K [0x00000007f5a00000, 0x00000007f6c52000, 0x00000007fae00000)
   the space 18760K,  95% used [0x00000007f5a00000, 0x00000007f6b75288, 0x00000007f6b75400, 0x00000007f6c52000)
 compacting perm gen  total 21248K, used 17808K [0x00000007fae00000, 0x00000007fc2c0000, 0x0000000800000000)
   the space 21248K,  83% used [0x00000007fae00000, 0x00000007fbf640d0, 0x00000007fbf64200, 0x00000007fc2c0000)
No shared spaces configured.
Event: 13.491 GC heap after
Heap after GC invocations=130 (full 9):
 def new generation   total 8512K, used 0K [0x00000007f3000000, 0x00000007f3930000, 0x00000007f5a00000)
  eden space 7616K,   0% used [0x00000007f3000000, 0x00000007f3000000, 0x00000007f3770000)
  from space 896K,   0% used [0x00000007f3850000, 0x00000007f3850000, 0x00000007f3930000)
  to   space 896K,   0% used [0x00000007f3770000, 0x00000007f3770000, 0x00000007f3850000)
 tenured generation   total 18760K, used 7400K [0x00000007f5a00000, 0x00000007f6c52000, 0x00000007fae00000)
   the space 18760K,  39% used [0x00000007f5a00000, 0x00000007f613a2b0, 0x00000007f613a400, 0x00000007f6c52000)
 compacting perm gen  total 21248K, used 17808K [0x00000007fae00000, 0x00000007fc2c0000, 0x0000000800000000)
   the space 21248K,  83% used [0x00000007fae00000, 0x00000007fbf640d0, 0x00000007fbf64200, 0x00000007fc2c0000)
No shared spaces configured.
}
Event: 13.507 GC heap before
{Heap before GC invocations=130 (full 9):
 def new generation   total 8512K, used 7616K [0x00000007f3000000, 0x00000007f3930000, 0x00000007f5a00000)
  eden space 7616K, 100% used [0x00000007f3000000, 0x00000007f3770000, 0x00000007f3770000)
  from space 896K,   0% used [0x00000007f3850000, 0x00000007f3850000, 0x00000007f3930000)
  to   space 896K,   0% used [0x00000007f3770000, 0x00000007f3770000, 0x00000007f3850000)
 tenured generation   total 18760K, used 7400K [0x00000007f5a00000, 0x00000007f6c52000, 0x00000007fae00000)
   the space 18760K,  39% used [0x00000007f5a00000, 0x00000007f613a2b0, 0x00000007f613a400, 0x00000007f6c52000)
 compacting perm gen  total 21248K, used 17810K [0x00000007fae00000, 0x00000007fc2c0000, 0x0000000800000000)
   the space 21248K,  83% used [0x00000007fae00000, 0x00000007fbf64950, 0x00000007fbf64a00, 0x00000007fc2c0000)
No shared spaces configured.
Event: 13.508 GC heap after
Heap after GC invocations=131 (full 9):
 def new generation   total 8512K, used 138K [0x00000007f3000000, 0x00000007f3930000, 0x00000007f5a00000)
  eden space 7616K,   0% used [0x00000007f3000000, 0x00000007f3000000, 0x00000007f3770000)
  from space 896K,  15% used [0x00000007f3770000, 0x00000007f3792b10, 0x00000007f3850000)
  to   space 896K,   0% used [0x00000007f3850000, 0x00000007f3850000, 0x00000007f3930000)
 tenured generation   total 18760K, used 7400K [0x00000007f5a00000, 0x00000007f6c52000, 0x00000007fae00000)
   the space 18760K,  39% used [0x00000007f5a00000, 0x00000007f613a2b0, 0x00000007f613a400, 0x00000007f6c52000)
 compacting perm gen  total 21248K, used 17810K [0x00000007fae00000, 0x00000007fc2c0000, 0x0000000800000000)
   the space 21248K,  83% used [0x00000007fae00000, 0x00000007fbf64950, 0x00000007fbf64a00, 0x00000007fc2c0000)
No shared spaces configured.
}
Event: 13.545 GC heap before
{Heap before GC invocations=131 (full 9):
 def new generation   total 8512K, used 7754K [0x00000007f3000000, 0x00000007f3930000, 0x00000007f5a00000)
  eden space 7616K, 100% used [0x00000007f3000000, 0x00000007f3770000, 0x00000007f3770000)
  from space 896K,  15% used [0x00000007f3770000, 0x00000007f3792b10, 0x00000007f3850000)
  to   space 896K,   0% used [0x00000007f3850000, 0x00000007f3850000, 0x00000007f3930000)
 tenured generation   total 18760K, used 7400K [0x00000007f5a00000, 0x00000007f6c52000, 0x00000007fae00000)
   the space 18760K,  39% used [0x00000007f5a00000, 0x00000007f613a2b0, 0x00000007f613a400, 0x00000007f6c52000)
 compacting perm gen  total 21248K, used 17876K [0x00000007fae00000, 0x00000007fc2c0000, 0x0000000800000000)
   the space 21248K,  84% used [0x00000007fae00000, 0x00000007fbf75040, 0x00000007fbf75200, 0x00000007fc2c0000)
No shared spaces configured.
Event: 13.547 GC heap after
Heap after GC invocations=132 (full 9):
 def new generation   total 8512K, used 896K [0x00000007f3000000, 0x00000007f3930000, 0x00000007f5a00000)
  eden space 7616K,   0% used [0x00000007f3000000, 0x00000007f3000000, 0x00000007f3770000)
  from space 896K, 100% used [0x00000007f3850000, 0x00000007f3930000, 0x00000007f3930000)
  to   space 896K,   0% used [0x00000007f3770000, 0x00000007f3770000, 0x00000007f3850000)
 tenured generation   total 18760K, used 7421K [0x00000007f5a00000, 0x00000007f6c52000, 0x00000007fae00000)
   the space 18760K,  39% used [0x00000007f5a00000, 0x00000007f613f5e0, 0x00000007f613f600, 0x00000007f6c52000)
 compacting perm gen  total 21248K, used 17876K [0x00000007fae00000, 0x00000007fc2c0000, 0x0000000800000000)
   the space 21248K,  84% used [0x00000007fae00000, 0x00000007fbf75040, 0x00000007fbf75200, 0x00000007fc2c0000)
No shared spaces configured.
}
Event: 13.559 GC heap before
{Heap before GC invocations=132 (full 9):
 def new generation   total 8512K, used 8512K [0x00000007f3000000, 0x00000007f3930000, 0x00000007f5a00000)
  eden space 7616K, 100% used [0x00000007f3000000, 0x00000007f3770000, 0x00000007f3770000)
  from space 896K, 100% used [0x00000007f3850000, 0x00000007f3930000, 0x00000007f3930000)
  to   space 896K,   0% used [0x00000007f3770000, 0x00000007f3770000, 0x00000007f3850000)
 tenured generation   total 18760K, used 7421K [0x00000007f5a00000, 0x00000007f6c52000, 0x00000007fae00000)
   the space 18760K,  39% used [0x00000007f5a00000, 0x00000007f613f5e0, 0x00000007f613f600, 0x00000007f6c52000)
 compacting perm gen  total 21248K, used 17878K [0x00000007fae00000, 0x00000007fc2c0000, 0x0000000800000000)
   the space 21248K,  84% used [0x00000007fae00000, 0x00000007fbf75b10, 0x00000007fbf75c00, 0x00000007fc2c0000)
No shared spaces configured.
Event: 13.562 GC heap after
Heap after GC invocations=133 (full 9):
 def new generation   total 8512K, used 83K [0x00000007f3000000, 0x00000007f3930000, 0x00000007f5a00000)
  eden space 7616K,   0% used [0x00000007f3000000, 0x00000007f3000000, 0x00000007f3770000)
  from space 896K,   9% used [0x00000007f3770000, 0x00000007f3784f80, 0x00000007f3850000)
  to   space 896K,   0% used [0x00000007f3850000, 0x00000007f3850000, 0x00000007f3930000)
 tenured generation   total 18760K, used 8315K [0x00000007f5a00000, 0x00000007f6c52000, 0x00000007fae00000)
   the space 18760K,  44% used [0x00000007f5a00000, 0x00000007f621ecc8, 0x00000007f621ee00, 0x00000007f6c52000)
 compacting perm gen  total 21248K, used 17878K [0x00000007fae00000, 0x00000007fc2c0000, 0x0000000800000000)
   the space 21248K,  84% used [0x00000007fae00000, 0x00000007fbf75b10, 0x00000007fbf75c00, 0x00000007fc2c0000)
No shared spaces configured.
}
Event: 13.594 GC heap before
{Heap before GC invocations=133 (full 9):
 def new generation   total 8512K, used 7699K [0x00000007f3000000, 0x00000007f3930000, 0x00000007f5a00000)
  eden space 7616K, 100% used [0x00000007f3000000, 0x00000007f3770000, 0x00000007f3770000)
  from space 896K,   9% used [0x00000007f3770000, 0x00000007f3784f80, 0x00000007f3850000)
  to   space 896K,   0% used [0x00000007f3850000, 0x00000007f3850000, 0x00000007f3930000)
 tenured generation   total 18760K, used 8315K [0x00000007f5a00000, 0x00000007f6c52000, 0x00000007fae00000)
   the space 18760K,  44% used [0x00000007f5a00000, 0x00000007f621ecc8, 0x00000007f621ee00, 0x00000007f6c52000)
 compacting perm gen  total 21248K, used 17879K [0x00000007fae00000, 0x00000007fc2c0000, 0x0000000800000000)
   the space 21248K,  84% used [0x00000007fae00000, 0x00000007fbf75f70, 0x00000007fbf76000, 0x00000007fc2c0000)
No shared spaces configured.
Event: 13.595 GC heap after
Heap after GC invocations=134 (full 9):
 def new generation   total 8512K, used 255K [0x00000007f3000000, 0x00000007f3930000, 0x00000007f5a00000)
  eden space 7616K,   0% used [0x00000007f3000000, 0x00000007f3000000, 0x00000007f3770000)
  from space 896K,  28% used [0x00000007f3850000, 0x00000007f388ff40, 0x00000007f3930000)
  to   space 896K,   0% used [0x00000007f3770000, 0x00000007f3770000, 0x00000007f3850000)
 tenured generation   total 18760K, used 8315K [0x00000007f5a00000, 0x00000007f6c52000, 0x00000007fae00000)
   the space 18760K,  44% used [0x00000007f5a00000, 0x00000007f621ecc8, 0x00000007f621ee00, 0x00000007f6c52000)
 compacting perm gen  total 21248K, used 17879K [0x00000007fae00000, 0x00000007fc2c0000, 0x0000000800000000)
   the space 21248K,  84% used [0x00000007fae00000, 0x00000007fbf75f70, 0x00000007fbf76000, 0x00000007fc2c0000)
No shared spaces configured.
}

