# JRE version: 7.0_25-b15
# Java VM: Java HotSpot(TM) 64-Bit Server VM (23.25-b01 mixed mode bsd-amd64 compressed oops)
Heap
 def new generation   total 8384K, used 7545K [0x00000007f3000000, 0x00000007f3910000, 0x00000007f5a00000)
  eden space 7488K,  99% used [0x00000007f3000000, 0x00000007f374b910, 0x00000007f3750000)
  from space 896K,   8% used [0x00000007f3830000, 0x00000007f3842d90, 0x00000007f3910000)
  to   space 896K,   0% used [0x00000007f3750000, 0x00000007f3750000, 0x00000007f3830000)
 tenured generation   total 34808K, used 24833K [0x00000007f5a00000, 0x00000007f7bfe000, 0x00000007fae00000)
   the space 34808K,  71% used [0x00000007f5a00000, 0x00000007f7240520, 0x00000007f7240600, 0x00000007f7bfe000)
 compacting perm gen  total 21248K, used 17940K [0x00000007fae00000, 0x00000007fc2c0000, 0x0000000800000000)
   the space 21248K,  84% used [0x00000007fae00000, 0x00000007fbf85098, 0x00000007fbf85200, 0x00000007fc2c0000)
GC Heap History (10 events):
Event: 37.492 GC heap before
{Heap before GC invocations=127 (full 8):
 def new generation   total 8384K, used 7893K [0x00000007f3000000, 0x00000007f3910000, 0x00000007f5a00000)
  eden space 7488K, 100% used [0x00000007f3000000, 0x00000007f3750000, 0x00000007f3750000)
  from space 896K,  45% used [0x00000007f3750000, 0x00000007f37b5650, 0x00000007f3830000)
  to   space 896K,   0% used [0x00000007f3830000, 0x00000007f3830000, 0x00000007f3910000)
 tenured generation   total 34808K, used 22561K [0x00000007f5a00000, 0x00000007f7bfe000, 0x00000007fae00000)
   the space 34808K,  64% used [0x00000007f5a00000, 0x00000007f70085a0, 0x00000007f7008600, 0x00000007f7bfe000)
 compacting perm gen  total 21248K, used 17880K [0x00000007fae00000, 0x00000007fc2c0000, 0x0000000800000000)
   the space 21248K,  84% used [0x00000007fae00000, 0x00000007fbf76238, 0x00000007fbf76400, 0x00000007fc2c0000)
No shared spaces configured.
Event: 37.495 GC heap after
Heap after GC invocations=128 (full 8):
 def new generation   total 8384K, used 332K [0x00000007f3000000, 0x00000007f3910000, 0x00000007f5a00000)
  eden space 7488K,   0% used [0x00000007f3000000, 0x00000007f3000000, 0x00000007f3750000)
  from space 896K,  37% used [0x00000007f3830000, 0x00000007f3883348, 0x00000007f3910000)
  to   space 896K,   0% used [0x00000007f3750000, 0x00000007f3750000, 0x00000007f3830000)
 tenured generation   total 34808K, used 24026K [0x00000007f5a00000, 0x00000007f7bfe000, 0x00000007fae00000)
   the space 34808K,  69% used [0x00000007f5a00000, 0x00000007f7176910, 0x00000007f7176a00, 0x00000007f7bfe000)
 compacting perm gen  total 21248K, used 17880K [0x00000007fae00000, 0x00000007fc2c0000, 0x0000000800000000)
   the space 21248K,  84% used [0x00000007fae00000, 0x00000007fbf76238, 0x00000007fbf76400, 0x00000007fc2c0000)
No shared spaces configured.
}
Event: 37.520 GC heap before
{Heap before GC invocations=128 (full 8):
 def new generation   total 8384K, used 7820K [0x00000007f3000000, 0x00000007f3910000, 0x00000007f5a00000)
  eden space 7488K, 100% used [0x00000007f3000000, 0x00000007f3750000, 0x00000007f3750000)
  from space 896K,  37% used [0x00000007f3830000, 0x00000007f3883348, 0x00000007f3910000)
  to   space 896K,   0% used [0x00000007f3750000, 0x00000007f3750000, 0x00000007f3830000)
 tenured generation   total 34808K, used 24026K [0x00000007f5a00000, 0x00000007f7bfe000, 0x00000007fae00000)
   the space 34808K,  69% used [0x00000007f5a00000, 0x00000007f7176910, 0x00000007f7176a00, 0x00000007f7bfe000)
 compacting perm gen  total 21248K, used 17880K [0x00000007fae00000, 0x00000007fc2c0000, 0x0000000800000000)
   the space 21248K,  84% used [0x00000007fae00000, 0x00000007fbf76238, 0x00000007fbf76400, 0x00000007fc2c0000)
No shared spaces configured.
Event: 37.522 GC heap after
Heap after GC invocations=129 (full 8):
 def new generation   total 8384K, used 313K [0x00000007f3000000, 0x00000007f3910000, 0x00000007f5a00000)
  eden space 7488K,   0% used [0x00000007f3000000, 0x00000007f3000000, 0x00000007f3750000)
  from space 896K,  34% used [0x00000007f3750000, 0x00000007f379e5b0, 0x00000007f3830000)
  to   space 896K,   0% used [0x00000007f3830000, 0x00000007f3830000, 0x00000007f3910000)
 tenured generation   total 34808K, used 24026K [0x00000007f5a00000, 0x00000007f7bfe000, 0x00000007fae00000)
   the space 34808K,  69% used [0x00000007f5a00000, 0x00000007f7176910, 0x00000007f7176a00, 0x00000007f7bfe000)
 compacting perm gen  total 21248K, used 17880K [0x00000007fae00000, 0x00000007fc2c0000, 0x0000000800000000)
   the space 21248K,  84% used [0x00000007fae00000, 0x00000007fbf76238, 0x00000007fbf76400, 0x00000007fc2c0000)
No shared spaces configured.
}
Event: 37.581 GC heap before
{Heap before GC invocations=129 (full 8):
 def new generation   total 8384K, used 7801K [0x00000007f3000000, 0x00000007f3910000, 0x00000007f5a00000)
  eden space 7488K, 100% used [0x00000007f3000000, 0x00000007f3750000, 0x00000007f3750000)
  from space 896K,  34% used [0x00000007f3750000, 0x00000007f379e5b0, 0x00000007f3830000)
  to   space 896K,   0% used [0x00000007f3830000, 0x00000007f3830000, 0x00000007f3910000)
 tenured generation   total 34808K, used 24026K [0x00000007f5a00000, 0x00000007f7bfe000, 0x00000007fae00000)
   the space 34808K,  69% used [0x00000007f5a00000, 0x00000007f7176910, 0x00000007f7176a00, 0x00000007f7bfe000)
 compacting perm gen  total 21248K, used 17936K [0x00000007fae00000, 0x00000007fc2c0000, 0x0000000800000000)
   the space 21248K,  84% used [0x00000007fae00000, 0x00000007fbf84190, 0x00000007fbf84200, 0x00000007fc2c0000)
No shared spaces configured.
Event: 37.583 GC heap after
Heap after GC invocations=130 (full 8):
 def new generation   total 8384K, used 808K [0x00000007f3000000, 0x00000007f3910000, 0x00000007f5a00000)
  eden space 7488K,   0% used [0x00000007f3000000, 0x00000007f3000000, 0x00000007f3750000)
  from space 896K,  90% used [0x00000007f3830000, 0x00000007f38fa348, 0x00000007f3910000)
  to   space 896K,   0% used [0x00000007f3750000, 0x00000007f3750000, 0x00000007f3830000)
 tenured generation   total 34808K, used 24026K [0x00000007f5a00000, 0x00000007f7bfe000, 0x00000007fae00000)
   the space 34808K,  69% used [0x00000007f5a00000, 0x00000007f7176910, 0x00000007f7176a00, 0x00000007f7bfe000)
 compacting perm gen  total 21248K, used 17936K [0x00000007fae00000, 0x00000007fc2c0000, 0x0000000800000000)
   the space 21248K,  84% used [0x00000007fae00000, 0x00000007fbf84190, 0x00000007fbf84200, 0x00000007fc2c0000)
No shared spaces configured.
}
Event: 37.596 GC heap before
{Heap before GC invocations=130 (full 8):
 def new generation   total 8384K, used 8296K [0x00000007f3000000, 0x00000007f3910000, 0x00000007f5a00000)
  eden space 7488K, 100% used [0x00000007f3000000, 0x00000007f3750000, 0x00000007f3750000)
  from space 896K,  90% used [0x00000007f3830000, 0x00000007f38fa348, 0x00000007f3910000)
  to   space 896K,   0% used [0x00000007f3750000, 0x00000007f3750000, 0x00000007f3830000)
 tenured generation   total 34808K, used 24026K [0x00000007f5a00000, 0x00000007f7bfe000, 0x00000007fae00000)
   the space 34808K,  69% used [0x00000007f5a00000, 0x00000007f7176910, 0x00000007f7176a00, 0x00000007f7bfe000)
 compacting perm gen  total 21248K, used 17936K [0x00000007fae00000, 0x00000007fc2c0000, 0x0000000800000000)
   the space 21248K,  84% used [0x00000007fae00000, 0x00000007fbf84190, 0x00000007fbf84200, 0x00000007fc2c0000)
No shared spaces configured.
Event: 37.598 GC heap after
Heap after GC invocations=131 (full 8):
 def new generation   total 8384K, used 0K [0x00000007f3000000, 0x00000007f3910000, 0x00000007f5a00000)
  eden space 7488K,   0% used [0x00000007f3000000, 0x00000007f3000000, 0x00000007f3750000)
  from space 896K,   0% used [0x00000007f3750000, 0x00000007f3750088, 0x00000007f3830000)
  to   space 896K,   0% used [0x00000007f3830000, 0x00000007f3830000, 0x00000007f3910000)
 tenured generation   total 34808K, used 24833K [0x00000007f5a00000, 0x00000007f7bfe000, 0x00000007fae00000)
   the space 34808K,  71% used [0x00000007f5a00000, 0x00000007f7240520, 0x00000007f7240600, 0x00000007f7bfe000)
 compacting perm gen  total 21248K, used 17936K [0x00000007fae00000, 0x00000007fc2c0000, 0x0000000800000000)
   the space 21248K,  84% used [0x00000007fae00000, 0x00000007fbf84190, 0x00000007fbf84200, 0x00000007fc2c0000)
No shared spaces configured.
}
Event: 37.631 GC heap before
{Heap before GC invocations=131 (full 8):
 def new generation   total 8384K, used 7488K [0x00000007f3000000, 0x00000007f3910000, 0x00000007f5a00000)
  eden space 7488K, 100% used [0x00000007f3000000, 0x00000007f3750000, 0x00000007f3750000)
  from space 896K,   0% used [0x00000007f3750000, 0x00000007f3750088, 0x00000007f3830000)
  to   space 896K,   0% used [0x00000007f3830000, 0x00000007f3830000, 0x00000007f3910000)
 tenured generation   total 34808K, used 24833K [0x00000007f5a00000, 0x00000007f7bfe000, 0x00000007fae00000)
   the space 34808K,  71% used [0x00000007f5a00000, 0x00000007f7240520, 0x00000007f7240600, 0x00000007f7bfe000)
 compacting perm gen  total 21248K, used 17940K [0x00000007fae00000, 0x00000007fc2c0000, 0x0000000800000000)
   the space 21248K,  84% used [0x00000007fae00000, 0x00000007fbf85098, 0x00000007fbf85200, 0x00000007fc2c0000)
No shared spaces configured.
Event: 37.632 GC heap after
Heap after GC invocations=132 (full 8):
 def new generation   total 8384K, used 75K [0x00000007f3000000, 0x00000007f3910000, 0x00000007f5a00000)
  eden space 7488K,   0% used [0x00000007f3000000, 0x00000007f3000000, 0x00000007f3750000)
  from space 896K,   8% used [0x00000007f3830000, 0x00000007f3842d90, 0x00000007f3910000)
  to   space 896K,   0% used [0x00000007f3750000, 0x00000007f3750000, 0x00000007f3830000)
 tenured generation   total 34808K, used 24833K [0x00000007f5a00000, 0x00000007f7bfe000, 0x00000007fae00000)
   the space 34808K,  71% used [0x00000007f5a00000, 0x00000007f7240520, 0x00000007f7240600, 0x00000007f7bfe000)
 compacting perm gen  total 21248K, used 17940K [0x00000007fae00000, 0x00000007fc2c0000, 0x0000000800000000)
   the space 21248K,  84% used [0x00000007fae00000, 0x00000007fbf85098, 0x00000007fbf85200, 0x00000007fc2c0000)
No shared spaces configured.
}

